{"/home/driven/Documents/Driven/projeto19-drivenpass/src/app.ts": {"path":"/home/driven/Documents/Driven/projeto19-drivenpass/src/app.ts","statementMap":{"0":{"start":{"line":1,"column":0},"end":{"line":1,"column":41}},"1":{"start":{"line":2,"column":0},"end":{"line":2,"column":30}},"2":{"start":{"line":3,"column":0},"end":{"line":3,"column":24}},"3":{"start":{"line":4,"column":0},"end":{"line":4,"column":28}},"4":{"start":{"line":5,"column":0},"end":{"line":5,"column":47}},"5":{"start":{"line":6,"column":0},"end":{"line":6,"column":60}},"6":{"start":{"line":7,"column":0},"end":{"line":7,"column":53}},"7":{"start":{"line":8,"column":0},"end":{"line":8,"column":65}},"8":{"start":{"line":9,"column":0},"end":{"line":9,"column":60}},"9":{"start":{"line":11,"column":0},"end":{"line":11,"column":16}},"10":{"start":{"line":12,"column":12},"end":{"line":12,"column":21}},"11":{"start":{"line":14,"column":0},"end":{"line":14,"column":16}},"12":{"start":{"line":15,"column":0},"end":{"line":15,"column":24}},"13":{"start":{"line":17,"column":0},"end":{"line":17,"column":20}},"14":{"start":{"line":18,"column":0},"end":{"line":18,"column":26}},"15":{"start":{"line":19,"column":0},"end":{"line":19,"column":23}},"16":{"start":{"line":20,"column":0},"end":{"line":20,"column":22}},"17":{"start":{"line":23,"column":4},"end":{"line":23,"column":16}},"18":{"start":{"line":24,"column":4},"end":{"line":24,"column":32}},"19":{"start":{"line":22,"column":0},"end":{"line":22,"column":16}},"20":{"start":{"line":28,"column":4},"end":{"line":28,"column":25}},"21":{"start":{"line":27,"column":0},"end":{"line":27,"column":7}},"22":{"start":{"line":31,"column":0},"end":{"line":31,"column":19}}},"fnMap":{"0":{"name":"init","decl":{"start":{"line":22,"column":16},"end":{"line":22,"column":20}},"loc":{"start":{"line":22,"column":20},"end":{"line":25,"column":1}}},"1":{"name":"close","decl":{"start":{"line":27,"column":22},"end":{"line":27,"column":27}},"loc":{"start":{"line":27,"column":27},"end":{"line":29,"column":1}}}},"branchMap":{},"s":{"0":4,"1":4,"2":4,"3":4,"4":4,"5":4,"6":4,"7":4,"8":4,"9":4,"10":4,"11":4,"12":4,"13":4,"14":4,"15":4,"16":4,"17":8,"18":8,"19":4,"20":0,"21":4,"22":4},"f":{"0":8,"1":0},"b":{}}
,"/home/driven/Documents/Driven/projeto19-drivenpass/src/config/database.ts": {"path":"/home/driven/Documents/Driven/projeto19-drivenpass/src/config/database.ts","statementMap":{"0":{"start":{"line":1,"column":0},"end":{"line":1,"column":28}},"1":{"start":{"line":2,"column":0},"end":{"line":2,"column":20}},"2":{"start":{"line":3,"column":0},"end":{"line":3,"column":33}},"3":{"start":{"line":5,"column":0},"end":{"line":5,"column":16}},"4":{"start":{"line":8,"column":17},"end":{"line":8,"column":19}},"5":{"start":{"line":10,"column":13},"end":{"line":12,"column":3}},"6":{"start":{"line":15,"column":25},"end":{"line":15,"column":28}},"7":{"start":{"line":17,"column":11},"end":{"line":17,"column":39}},"8":{"start":{"line":20,"column":2},"end":{"line":20,"column":9}},"9":{"start":{"line":19,"column":0},"end":{"line":19,"column":16}},"10":{"start":{"line":24,"column":1},"end":{"line":24,"column":29}},"11":{"start":{"line":23,"column":0},"end":{"line":23,"column":7}}},"fnMap":{"0":{"name":"connectDb","decl":{"start":{"line":19,"column":16},"end":{"line":19,"column":25}},"loc":{"start":{"line":19,"column":25},"end":{"line":21,"column":1}}},"1":{"name":"disconnectDB","decl":{"start":{"line":23,"column":22},"end":{"line":23,"column":34}},"loc":{"start":{"line":23,"column":34},"end":{"line":25,"column":1}}}},"branchMap":{},"s":{"0":4,"1":4,"2":4,"3":4,"4":4,"5":4,"6":4,"7":4,"8":8,"9":4,"10":0,"11":4},"f":{"0":8,"1":0},"b":{}}
,"/home/driven/Documents/Driven/projeto19-drivenpass/src/config/envs.ts": {"path":"/home/driven/Documents/Driven/projeto19-drivenpass/src/config/envs.ts","statementMap":{"0":{"start":{"line":1,"column":0},"end":{"line":1,"column":28}},"1":{"start":{"line":4,"column":15},"end":{"line":4,"column":21}},"2":{"start":{"line":5,"column":4},"end":{"line":7,"column":null}},"3":{"start":{"line":6,"column":8},"end":{"line":6,"column":27}},"4":{"start":{"line":9,"column":4},"end":{"line":9,"column":28}},"5":{"start":{"line":3,"column":0},"end":{"line":3,"column":16}}},"fnMap":{"0":{"name":"loadEnvs","decl":{"start":{"line":3,"column":16},"end":{"line":3,"column":24}},"loc":{"start":{"line":3,"column":24},"end":{"line":10,"column":1}}}},"branchMap":{"0":{"loc":{"start":{"line":5,"column":4},"end":{"line":7,"column":null}},"type":"if","locations":[{"start":{"line":5,"column":4},"end":{"line":7,"column":null}}]}},"s":{"0":5,"1":5,"2":5,"3":5,"4":5,"5":5},"f":{"0":5},"b":{"0":[5]}}
,"/home/driven/Documents/Driven/projeto19-drivenpass/src/controllers/authControllers.ts": {"path":"/home/driven/Documents/Driven/projeto19-drivenpass/src/controllers/authControllers.ts","statementMap":{"0":{"start":{"line":3,"column":0},"end":{"line":3,"column":37}},"1":{"start":{"line":4,"column":0},"end":{"line":4,"column":83}},"2":{"start":{"line":7,"column":32},"end":{"line":7,"column":56}},"3":{"start":{"line":9,"column":4},"end":{"line":21,"column":null}},"4":{"start":{"line":10,"column":19},"end":{"line":10,"column":70}},"5":{"start":{"line":12,"column":6},"end":{"line":15,"column":9}},"6":{"start":{"line":18,"column":6},"end":{"line":20,"column":null}},"7":{"start":{"line":19,"column":8},"end":{"line":19,"column":67}},"8":{"start":{"line":6,"column":0},"end":{"line":6,"column":7}},"9":{"start":{"line":25,"column":15},"end":{"line":25,"column":23}},"10":{"start":{"line":27,"column":2},"end":{"line":40,"column":null}},"11":{"start":{"line":28,"column":19},"end":{"line":28,"column":59}},"12":{"start":{"line":30,"column":4},"end":{"line":30,"column":50}},"13":{"start":{"line":33,"column":4},"end":{"line":35,"column":null}},"14":{"start":{"line":34,"column":6},"end":{"line":34,"column":69}},"15":{"start":{"line":37,"column":4},"end":{"line":39,"column":null}},"16":{"start":{"line":38,"column":6},"end":{"line":38,"column":65}},"17":{"start":{"line":24,"column":0},"end":{"line":24,"column":7}}},"fnMap":{"0":{"name":"singUpPost","decl":{"start":{"line":6,"column":22},"end":{"line":6,"column":32}},"loc":{"start":{"line":6,"column":60},"end":{"line":22,"column":1}}},"1":{"name":"signInPost","decl":{"start":{"line":24,"column":22},"end":{"line":24,"column":32}},"loc":{"start":{"line":24,"column":60},"end":{"line":41,"column":1}}}},"branchMap":{"0":{"loc":{"start":{"line":18,"column":6},"end":{"line":20,"column":null}},"type":"if","locations":[{"start":{"line":18,"column":6},"end":{"line":20,"column":null}}]},"1":{"loc":{"start":{"line":33,"column":4},"end":{"line":35,"column":null}},"type":"if","locations":[{"start":{"line":33,"column":4},"end":{"line":35,"column":null}}]},"2":{"loc":{"start":{"line":37,"column":4},"end":{"line":39,"column":null}},"type":"if","locations":[{"start":{"line":37,"column":4},"end":{"line":39,"column":null}}]}},"s":{"0":4,"1":4,"2":4,"3":4,"4":4,"5":3,"6":1,"7":1,"8":4,"9":5,"10":5,"11":5,"12":3,"13":2,"14":1,"15":1,"16":1,"17":4},"f":{"0":4,"1":5},"b":{"0":[1],"1":[1],"2":[1]}}
,"/home/driven/Documents/Driven/projeto19-drivenpass/src/controllers/credentialsControllers.ts": {"path":"/home/driven/Documents/Driven/projeto19-drivenpass/src/controllers/credentialsControllers.ts","statementMap":{"0":{"start":{"line":2,"column":0},"end":{"line":2,"column":37}},"1":{"start":{"line":3,"column":0},"end":{"line":3,"column":65}},"2":{"start":{"line":6,"column":22},"end":{"line":6,"column":30}},"3":{"start":{"line":7,"column":19},"end":{"line":7,"column":29}},"4":{"start":{"line":9,"column":0},"end":{"line":18,"column":null}},"5":{"start":{"line":10,"column":21},"end":{"line":10,"column":89}},"6":{"start":{"line":12,"column":6},"end":{"line":12,"column":52}},"7":{"start":{"line":15,"column":6},"end":{"line":17,"column":null}},"8":{"start":{"line":16,"column":8},"end":{"line":16,"column":71}},"9":{"start":{"line":5,"column":0},"end":{"line":5,"column":7}},"10":{"start":{"line":22,"column":19},"end":{"line":22,"column":29}},"11":{"start":{"line":24,"column":2},"end":{"line":30,"column":null}},"12":{"start":{"line":25,"column":27},"end":{"line":25,"column":79}},"13":{"start":{"line":27,"column":4},"end":{"line":27,"column":58}},"14":{"start":{"line":29,"column":4},"end":{"line":29,"column":48}},"15":{"start":{"line":21,"column":0},"end":{"line":21,"column":7}},"16":{"start":{"line":34,"column":13},"end":{"line":34,"column":26}},"17":{"start":{"line":35,"column":19},"end":{"line":35,"column":29}},"18":{"start":{"line":37,"column":2},"end":{"line":50,"column":null}},"19":{"start":{"line":38,"column":23},"end":{"line":38,"column":85}},"20":{"start":{"line":40,"column":4},"end":{"line":40,"column":54}},"21":{"start":{"line":43,"column":4},"end":{"line":45,"column":null}},"22":{"start":{"line":44,"column":6},"end":{"line":44,"column":66}},"23":{"start":{"line":47,"column":4},"end":{"line":49,"column":null}},"24":{"start":{"line":48,"column":6},"end":{"line":48,"column":69}},"25":{"start":{"line":33,"column":0},"end":{"line":33,"column":7}},"26":{"start":{"line":54,"column":13},"end":{"line":54,"column":26}},"27":{"start":{"line":55,"column":19},"end":{"line":55,"column":29}},"28":{"start":{"line":57,"column":2},"end":{"line":70,"column":null}},"29":{"start":{"line":59,"column":4},"end":{"line":59,"column":null}},"30":{"start":{"line":61,"column":4},"end":{"line":61,"column":53}},"31":{"start":{"line":63,"column":4},"end":{"line":65,"column":null}},"32":{"start":{"line":64,"column":6},"end":{"line":64,"column":66}},"33":{"start":{"line":67,"column":4},"end":{"line":69,"column":null}},"34":{"start":{"line":68,"column":6},"end":{"line":68,"column":69}},"35":{"start":{"line":53,"column":0},"end":{"line":53,"column":7}}},"fnMap":{"0":{"name":"postCredentialsByUser","decl":{"start":{"line":5,"column":22},"end":{"line":5,"column":43}},"loc":{"start":{"line":5,"column":72},"end":{"line":19,"column":1}}},"1":{"name":"getAllCredentials","decl":{"start":{"line":21,"column":22},"end":{"line":21,"column":39}},"loc":{"start":{"line":21,"column":67},"end":{"line":31,"column":1}}},"2":{"name":"getCredentialById","decl":{"start":{"line":33,"column":22},"end":{"line":33,"column":39}},"loc":{"start":{"line":33,"column":67},"end":{"line":51,"column":1}}},"3":{"name":"deleteCredentialById","decl":{"start":{"line":53,"column":22},"end":{"line":53,"column":42}},"loc":{"start":{"line":53,"column":70},"end":{"line":71,"column":1}}}},"branchMap":{"0":{"loc":{"start":{"line":15,"column":6},"end":{"line":17,"column":null}},"type":"if","locations":[{"start":{"line":15,"column":6},"end":{"line":17,"column":null}}]},"1":{"loc":{"start":{"line":43,"column":4},"end":{"line":45,"column":null}},"type":"if","locations":[{"start":{"line":43,"column":4},"end":{"line":45,"column":null}}]},"2":{"loc":{"start":{"line":47,"column":4},"end":{"line":49,"column":null}},"type":"if","locations":[{"start":{"line":47,"column":4},"end":{"line":49,"column":null}}]},"3":{"loc":{"start":{"line":63,"column":4},"end":{"line":65,"column":null}},"type":"if","locations":[{"start":{"line":63,"column":4},"end":{"line":65,"column":null}}]},"4":{"loc":{"start":{"line":67,"column":4},"end":{"line":69,"column":null}},"type":"if","locations":[{"start":{"line":67,"column":4},"end":{"line":69,"column":null}}]}},"s":{"0":4,"1":4,"2":2,"3":2,"4":2,"5":2,"6":0,"7":2,"8":1,"9":4,"10":1,"11":1,"12":1,"13":1,"14":0,"15":4,"16":3,"17":3,"18":3,"19":3,"20":1,"21":2,"22":1,"23":1,"24":1,"25":4,"26":3,"27":3,"28":3,"29":3,"30":1,"31":2,"32":1,"33":1,"34":1,"35":4},"f":{"0":2,"1":1,"2":3,"3":3},"b":{"0":[1],"1":[1],"2":[1],"3":[1],"4":[1]}}
,"/home/driven/Documents/Driven/projeto19-drivenpass/src/controllers/networkControllers.ts": {"path":"/home/driven/Documents/Driven/projeto19-drivenpass/src/controllers/networkControllers.ts","statementMap":{"0":{"start":{"line":2,"column":0},"end":{"line":2,"column":54}},"1":{"start":{"line":3,"column":0},"end":{"line":3,"column":58}},"2":{"start":{"line":7,"column":21},"end":{"line":7,"column":57}},"3":{"start":{"line":8,"column":21},"end":{"line":8,"column":31}},"4":{"start":{"line":10,"column":4},"end":{"line":19,"column":null}},"5":{"start":{"line":12,"column":25},"end":{"line":12,"column":82}},"6":{"start":{"line":14,"column":8},"end":{"line":14,"column":56}},"7":{"start":{"line":18,"column":8},"end":{"line":18,"column":60}},"8":{"start":{"line":6,"column":0},"end":{"line":6,"column":7}},"9":{"start":{"line":23,"column":21},"end":{"line":23,"column":31}},"10":{"start":{"line":25,"column":4},"end":{"line":33,"column":null}},"11":{"start":{"line":27,"column":28},"end":{"line":27,"column":70}},"12":{"start":{"line":29,"column":8},"end":{"line":29,"column":59}},"13":{"start":{"line":32,"column":8},"end":{"line":32,"column":52}},"14":{"start":{"line":22,"column":0},"end":{"line":22,"column":7}},"15":{"start":{"line":37,"column":21},"end":{"line":37,"column":31}},"16":{"start":{"line":38,"column":15},"end":{"line":38,"column":28}},"17":{"start":{"line":40,"column":4},"end":{"line":54,"column":null}},"18":{"start":{"line":41,"column":29},"end":{"line":41,"column":82}},"19":{"start":{"line":43,"column":8},"end":{"line":43,"column":null}},"20":{"start":{"line":47,"column":8},"end":{"line":49,"column":null}},"21":{"start":{"line":48,"column":12},"end":{"line":48,"column":72}},"22":{"start":{"line":51,"column":8},"end":{"line":53,"column":null}},"23":{"start":{"line":52,"column":12},"end":{"line":52,"column":75}},"24":{"start":{"line":36,"column":0},"end":{"line":36,"column":7}},"25":{"start":{"line":58,"column":21},"end":{"line":58,"column":31}},"26":{"start":{"line":59,"column":15},"end":{"line":59,"column":28}},"27":{"start":{"line":61,"column":4},"end":{"line":76,"column":null}},"28":{"start":{"line":63,"column":8},"end":{"line":63,"column":62}},"29":{"start":{"line":65,"column":8},"end":{"line":65,"column":57}},"30":{"start":{"line":69,"column":8},"end":{"line":71,"column":null}},"31":{"start":{"line":70,"column":12},"end":{"line":70,"column":72}},"32":{"start":{"line":73,"column":8},"end":{"line":75,"column":null}},"33":{"start":{"line":74,"column":12},"end":{"line":74,"column":75}},"34":{"start":{"line":57,"column":0},"end":{"line":57,"column":7}}},"fnMap":{"0":{"name":"postRegisterWifi","decl":{"start":{"line":6,"column":22},"end":{"line":6,"column":38}},"loc":{"start":{"line":6,"column":65},"end":{"line":20,"column":1}}},"1":{"name":"getAllNetworks","decl":{"start":{"line":22,"column":22},"end":{"line":22,"column":36}},"loc":{"start":{"line":22,"column":64},"end":{"line":34,"column":1}}},"2":{"name":"getNetworksById","decl":{"start":{"line":36,"column":22},"end":{"line":36,"column":37}},"loc":{"start":{"line":36,"column":67},"end":{"line":55,"column":1}}},"3":{"name":"deleteNetworkByIdAndUserId","decl":{"start":{"line":57,"column":22},"end":{"line":57,"column":48}},"loc":{"start":{"line":57,"column":77},"end":{"line":77,"column":1}}}},"branchMap":{"0":{"loc":{"start":{"line":47,"column":8},"end":{"line":49,"column":null}},"type":"if","locations":[{"start":{"line":47,"column":8},"end":{"line":49,"column":null}}]},"1":{"loc":{"start":{"line":51,"column":8},"end":{"line":53,"column":null}},"type":"if","locations":[{"start":{"line":51,"column":8},"end":{"line":53,"column":null}}]},"2":{"loc":{"start":{"line":69,"column":8},"end":{"line":71,"column":null}},"type":"if","locations":[{"start":{"line":69,"column":8},"end":{"line":71,"column":null}}]},"3":{"loc":{"start":{"line":73,"column":8},"end":{"line":75,"column":null}},"type":"if","locations":[{"start":{"line":73,"column":8},"end":{"line":75,"column":null}}]}},"s":{"0":4,"1":4,"2":1,"3":1,"4":1,"5":1,"6":1,"7":0,"8":4,"9":2,"10":2,"11":2,"12":1,"13":1,"14":4,"15":3,"16":3,"17":3,"18":3,"19":1,"20":2,"21":1,"22":1,"23":1,"24":4,"25":3,"26":3,"27":3,"28":3,"29":1,"30":2,"31":1,"32":1,"33":1,"34":4},"f":{"0":1,"1":2,"2":3,"3":3},"b":{"0":[1],"1":[1],"2":[1],"3":[1]}}
,"/home/driven/Documents/Driven/projeto19-drivenpass/src/middlewares/authenticationMiddleware.ts": {"path":"/home/driven/Documents/Driven/projeto19-drivenpass/src/middlewares/authenticationMiddleware.ts","statementMap":{"0":{"start":{"line":2,"column":0},"end":{"line":2,"column":31}},"1":{"start":{"line":3,"column":0},"end":{"line":3,"column":28}},"2":{"start":{"line":4,"column":0},"end":{"line":4,"column":95}},"3":{"start":{"line":5,"column":0},"end":{"line":5,"column":37}},"4":{"start":{"line":7,"column":0},"end":{"line":7,"column":16}},"5":{"start":{"line":14,"column":28},"end":{"line":14,"column":39}},"6":{"start":{"line":15,"column":16},"end":{"line":15,"column":53}},"7":{"start":{"line":16,"column":20},"end":{"line":16,"column":42}},"8":{"start":{"line":18,"column":2},"end":{"line":20,"column":null}},"9":{"start":{"line":19,"column":4},"end":{"line":19,"column":93}},"10":{"start":{"line":22,"column":2},"end":{"line":30,"column":null}},"11":{"start":{"line":23,"column":17},"end":{"line":23,"column":45}},"12":{"start":{"line":25,"column":4},"end":{"line":25,"column":27}},"13":{"start":{"line":27,"column":4},"end":{"line":27,"column":11}},"14":{"start":{"line":29,"column":4},"end":{"line":29,"column":73}},"15":{"start":{"line":9,"column":0},"end":{"line":9,"column":7}}},"fnMap":{"0":{"name":"validateToken","decl":{"start":{"line":9,"column":22},"end":{"line":9,"column":35}},"loc":{"start":{"line":12,"column":20},"end":{"line":31,"column":1}}}},"branchMap":{"0":{"loc":{"start":{"line":18,"column":2},"end":{"line":20,"column":null}},"type":"if","locations":[{"start":{"line":18,"column":2},"end":{"line":20,"column":null}}]},"1":{"loc":{"start":{"line":18,"column":6},"end":{"line":18,"column":52}},"type":"binary-expr","locations":[{"start":{"line":18,"column":6},"end":{"line":18,"column":29}},{"start":{"line":18,"column":33},"end":{"line":18,"column":52}}]}},"s":{"0":4,"1":4,"2":4,"3":4,"4":4,"5":41,"6":41,"7":41,"8":41,"9":7,"10":34,"11":34,"12":22,"13":22,"14":12,"15":4},"f":{"0":41},"b":{"0":[7],"1":[41,41]}}
,"/home/driven/Documents/Driven/projeto19-drivenpass/src/middlewares/errorHandlingMiddleware.ts": {"path":"/home/driven/Documents/Driven/projeto19-drivenpass/src/middlewares/errorHandlingMiddleware.ts","statementMap":{"0":{"start":{"line":2,"column":0},"end":{"line":2,"column":37}},"1":{"start":{"line":11,"column":2},"end":{"line":11,"column":64}},"2":{"start":{"line":10,"column":0},"end":{"line":10,"column":16}},"3":{"start":{"line":16,"column":2},"end":{"line":19,"column":4}},"4":{"start":{"line":15,"column":0},"end":{"line":15,"column":16}},"5":{"start":{"line":24,"column":2},"end":{"line":27,"column":4}},"6":{"start":{"line":23,"column":0},"end":{"line":23,"column":16}},"7":{"start":{"line":32,"column":2},"end":{"line":35,"column":4}},"8":{"start":{"line":31,"column":0},"end":{"line":31,"column":16}},"9":{"start":{"line":40,"column":2},"end":{"line":43,"column":4}},"10":{"start":{"line":39,"column":0},"end":{"line":39,"column":16}},"11":{"start":{"line":48,"column":2},"end":{"line":51,"column":4}},"12":{"start":{"line":47,"column":0},"end":{"line":47,"column":16}},"13":{"start":{"line":56,"column":2},"end":{"line":59,"column":4}},"14":{"start":{"line":55,"column":0},"end":{"line":55,"column":16}},"15":{"start":{"line":63,"column":2},"end":{"line":66,"column":4}},"16":{"start":{"line":62,"column":0},"end":{"line":62,"column":16}},"17":{"start":{"line":69,"column":42},"end":{"line":97,"column":1}},"18":{"start":{"line":70,"column":2},"end":{"line":72,"column":null}},"19":{"start":{"line":71,"column":4},"end":{"line":71,"column":73}},"20":{"start":{"line":74,"column":2},"end":{"line":76,"column":null}},"21":{"start":{"line":75,"column":4},"end":{"line":75,"column":65}},"22":{"start":{"line":78,"column":2},"end":{"line":80,"column":null}},"23":{"start":{"line":79,"column":4},"end":{"line":79,"column":62}},"24":{"start":{"line":82,"column":2},"end":{"line":84,"column":null}},"25":{"start":{"line":83,"column":4},"end":{"line":83,"column":61}},"26":{"start":{"line":86,"column":2},"end":{"line":88,"column":null}},"27":{"start":{"line":87,"column":4},"end":{"line":87,"column":62}},"28":{"start":{"line":89,"column":2},"end":{"line":91,"column":null}},"29":{"start":{"line":90,"column":4},"end":{"line":90,"column":64}},"30":{"start":{"line":92,"column":2},"end":{"line":94,"column":null}},"31":{"start":{"line":93,"column":4},"end":{"line":93,"column":67}},"32":{"start":{"line":96,"column":2},"end":{"line":96,"column":72}},"33":{"start":{"line":99,"column":0},"end":{"line":99,"column":28}}},"fnMap":{"0":{"name":"unprocessableError","decl":{"start":{"line":10,"column":16},"end":{"line":10,"column":34}},"loc":{"start":{"line":10,"column":50},"end":{"line":12,"column":1}}},"1":{"name":"missingHeaderError","decl":{"start":{"line":15,"column":16},"end":{"line":15,"column":34}},"loc":{"start":{"line":15,"column":49},"end":{"line":20,"column":1}}},"2":{"name":"notFoundError","decl":{"start":{"line":23,"column":16},"end":{"line":23,"column":29}},"loc":{"start":{"line":23,"column":43},"end":{"line":28,"column":1}}},"3":{"name":"conflictError","decl":{"start":{"line":31,"column":16},"end":{"line":31,"column":29}},"loc":{"start":{"line":31,"column":43},"end":{"line":36,"column":1}}},"4":{"name":"accessDeniedError","decl":{"start":{"line":39,"column":16},"end":{"line":39,"column":33}},"loc":{"start":{"line":39,"column":47},"end":{"line":44,"column":1}}},"5":{"name":"unauthorizedError","decl":{"start":{"line":47,"column":16},"end":{"line":47,"column":33}},"loc":{"start":{"line":47,"column":47},"end":{"line":52,"column":1}}},"6":{"name":"badRequestError","decl":{"start":{"line":55,"column":16},"end":{"line":55,"column":31}},"loc":{"start":{"line":55,"column":45},"end":{"line":60,"column":1}}},"7":{"name":"notAcceptableError","decl":{"start":{"line":62,"column":16},"end":{"line":62,"column":34}},"loc":{"start":{"line":62,"column":48},"end":{"line":67,"column":1}}},"8":{"name":"(anonymous_9)","decl":{"start":{"line":69,"column":42},"end":{"line":69,"column":43}},"loc":{"start":{"line":69,"column":66},"end":{"line":97,"column":1}}}},"branchMap":{"0":{"loc":{"start":{"line":70,"column":2},"end":{"line":72,"column":null}},"type":"if","locations":[{"start":{"line":70,"column":2},"end":{"line":72,"column":null}}]},"1":{"loc":{"start":{"line":74,"column":2},"end":{"line":76,"column":null}},"type":"if","locations":[{"start":{"line":74,"column":2},"end":{"line":76,"column":null}}]},"2":{"loc":{"start":{"line":78,"column":2},"end":{"line":80,"column":null}},"type":"if","locations":[{"start":{"line":78,"column":2},"end":{"line":80,"column":null}}]},"3":{"loc":{"start":{"line":82,"column":2},"end":{"line":84,"column":null}},"type":"if","locations":[{"start":{"line":82,"column":2},"end":{"line":84,"column":null}}]},"4":{"loc":{"start":{"line":86,"column":2},"end":{"line":88,"column":null}},"type":"if","locations":[{"start":{"line":86,"column":2},"end":{"line":88,"column":null}}]},"5":{"loc":{"start":{"line":89,"column":2},"end":{"line":91,"column":null}},"type":"if","locations":[{"start":{"line":89,"column":2},"end":{"line":91,"column":null}}]},"6":{"loc":{"start":{"line":92,"column":2},"end":{"line":94,"column":null}},"type":"if","locations":[{"start":{"line":92,"column":2},"end":{"line":94,"column":null}}]}},"s":{"0":4,"1":8,"2":4,"3":7,"4":4,"5":5,"6":4,"7":3,"8":4,"9":0,"10":4,"11":23,"12":4,"13":0,"14":4,"15":0,"16":4,"17":4,"18":8,"19":8,"20":0,"21":0,"22":0,"23":0,"24":0,"25":0,"26":0,"27":0,"28":0,"29":0,"30":0,"31":0,"32":0,"33":4},"f":{"0":8,"1":7,"2":5,"3":3,"4":0,"5":23,"6":0,"7":0,"8":8},"b":{"0":[8],"1":[0],"2":[0],"3":[0],"4":[0],"5":[0],"6":[0]}}
,"/home/driven/Documents/Driven/projeto19-drivenpass/src/middlewares/schemasValidation.ts": {"path":"/home/driven/Documents/Driven/projeto19-drivenpass/src/middlewares/schemasValidation.ts","statementMap":{"0":{"start":{"line":3,"column":0},"end":{"line":3,"column":63}},"1":{"start":{"line":6,"column":2},"end":{"line":20,"column":4}},"2":{"start":{"line":7,"column":22},"end":{"line":9,"column":6}},"3":{"start":{"line":11,"column":4},"end":{"line":17,"column":null}},"4":{"start":{"line":12,"column":37},"end":{"line":13,"column":null}},"5":{"start":{"line":13,"column":22},"end":{"line":13,"column":33}},"6":{"start":{"line":16,"column":6},"end":{"line":16,"column":45}},"7":{"start":{"line":19,"column":4},"end":{"line":19,"column":11}},"8":{"start":{"line":5,"column":0},"end":{"line":5,"column":16}}},"fnMap":{"0":{"name":"validateSchema","decl":{"start":{"line":5,"column":16},"end":{"line":5,"column":30}},"loc":{"start":{"line":5,"column":51},"end":{"line":21,"column":1}}},"1":{"name":"(anonymous_1)","decl":{"start":{"line":6,"column":9},"end":{"line":6,"column":10}},"loc":{"start":{"line":6,"column":61},"end":{"line":20,"column":3}}},"2":{"name":"(anonymous_2)","decl":{"start":{"line":13,"column":8},"end":{"line":13,"column":9}},"loc":{"start":{"line":13,"column":22},"end":{"line":13,"column":33}}}},"branchMap":{"0":{"loc":{"start":{"line":11,"column":4},"end":{"line":17,"column":null}},"type":"if","locations":[{"start":{"line":11,"column":4},"end":{"line":17,"column":null}}]}},"s":{"0":4,"1":16,"2":20,"3":20,"4":8,"5":21,"6":8,"7":12,"8":4},"f":{"0":16,"1":20,"2":21},"b":{"0":[8]}}
,"/home/driven/Documents/Driven/projeto19-drivenpass/src/repositories/authRepositories.ts": {"path":"/home/driven/Documents/Driven/projeto19-drivenpass/src/repositories/authRepositories.ts","statementMap":{"0":{"start":{"line":1,"column":0},"end":{"line":1,"column":44}},"1":{"start":{"line":4,"column":2},"end":{"line":6,"column":null}},"2":{"start":{"line":10,"column":0},"end":{"line":15,"column":null}},"3":{"start":{"line":20,"column":1},"end":{"line":27,"column":null}},"4":{"start":{"line":30,"column":35},"end":{"line":34,"column":2}},"5":{"start":{"line":36,"column":0},"end":{"line":36,"column":42}}},"fnMap":{"0":{"name":"findByEmailUser","decl":{"start":{"line":3,"column":15},"end":{"line":3,"column":30}},"loc":{"start":{"line":3,"column":44},"end":{"line":7,"column":1}}},"1":{"name":"createUser","decl":{"start":{"line":9,"column":15},"end":{"line":9,"column":25}},"loc":{"start":{"line":9,"column":63},"end":{"line":16,"column":1}}},"2":{"name":"findUser","decl":{"start":{"line":18,"column":15},"end":{"line":18,"column":23}},"loc":{"start":{"line":18,"column":37},"end":{"line":28,"column":1}}}},"branchMap":{},"s":{"0":4,"1":7,"2":5,"3":8,"4":4,"5":4},"f":{"0":7,"1":5,"2":8},"b":{}}
,"/home/driven/Documents/Driven/projeto19-drivenpass/src/repositories/credentialsRepositories.ts": {"path":"/home/driven/Documents/Driven/projeto19-drivenpass/src/repositories/credentialsRepositories.ts","statementMap":{"0":{"start":{"line":1,"column":0},"end":{"line":1,"column":44}},"1":{"start":{"line":5,"column":4},"end":{"line":7,"column":null}},"2":{"start":{"line":11,"column":31},"end":{"line":14,"column":null}},"3":{"start":{"line":15,"column":2},"end":{"line":17,"column":null}},"4":{"start":{"line":21,"column":2},"end":{"line":31,"column":null}},"5":{"start":{"line":35,"column":2},"end":{"line":44,"column":5}},"6":{"start":{"line":48,"column":2},"end":{"line":57,"column":5}},"7":{"start":{"line":61,"column":2},"end":{"line":63,"column":null}},"8":{"start":{"line":66,"column":32},"end":{"line":73,"column":null}},"9":{"start":{"line":75,"column":0},"end":{"line":75,"column":39}}},"fnMap":{"0":{"name":"findTitleCredentials","decl":{"start":{"line":4,"column":15},"end":{"line":4,"column":35}},"loc":{"start":{"line":4,"column":65},"end":{"line":8,"column":1}}},"1":{"name":"createCredential","decl":{"start":{"line":10,"column":15},"end":{"line":10,"column":31}},"loc":{"start":{"line":10,"column":92},"end":{"line":18,"column":1}}},"2":{"name":"findCredencialById","decl":{"start":{"line":20,"column":15},"end":{"line":20,"column":33}},"loc":{"start":{"line":20,"column":44},"end":{"line":32,"column":1}}},"3":{"name":"findAllCredentials","decl":{"start":{"line":34,"column":15},"end":{"line":34,"column":33}},"loc":{"start":{"line":34,"column":48},"end":{"line":45,"column":1}}},"4":{"name":"findCredentialByIdAndUserId","decl":{"start":{"line":47,"column":15},"end":{"line":47,"column":42}},"loc":{"start":{"line":47,"column":69},"end":{"line":58,"column":1}}},"5":{"name":"deleteCredentialById","decl":{"start":{"line":60,"column":15},"end":{"line":60,"column":35}},"loc":{"start":{"line":60,"column":47},"end":{"line":64,"column":1}}}},"branchMap":{},"s":{"0":4,"1":2,"2":1,"3":1,"4":6,"5":1,"6":0,"7":1,"8":4,"9":4},"f":{"0":2,"1":1,"2":6,"3":1,"4":0,"5":1},"b":{}}
,"/home/driven/Documents/Driven/projeto19-drivenpass/src/repositories/networkRepositories.ts": {"path":"/home/driven/Documents/Driven/projeto19-drivenpass/src/repositories/networkRepositories.ts","statementMap":{"0":{"start":{"line":1,"column":0},"end":{"line":1,"column":44}},"1":{"start":{"line":6,"column":21},"end":{"line":9,"column":null}},"2":{"start":{"line":11,"column":4},"end":{"line":13,"column":null}},"3":{"start":{"line":17,"column":4},"end":{"line":25,"column":null}},"4":{"start":{"line":29,"column":4},"end":{"line":37,"column":null}},"5":{"start":{"line":41,"column":4},"end":{"line":43,"column":null}},"6":{"start":{"line":46,"column":28},"end":{"line":51,"column":2}},"7":{"start":{"line":53,"column":0},"end":{"line":53,"column":35}}},"fnMap":{"0":{"name":"createWifi","decl":{"start":{"line":4,"column":15},"end":{"line":4,"column":25}},"loc":{"start":{"line":4,"column":76},"end":{"line":14,"column":1}}},"1":{"name":"findWiFiByUserId","decl":{"start":{"line":16,"column":15},"end":{"line":16,"column":31}},"loc":{"start":{"line":16,"column":46},"end":{"line":26,"column":1}}},"2":{"name":"findWiFiById","decl":{"start":{"line":28,"column":15},"end":{"line":28,"column":27}},"loc":{"start":{"line":28,"column":38},"end":{"line":38,"column":1}}},"3":{"name":"deleteWiFiByIdAndUserId","decl":{"start":{"line":40,"column":15},"end":{"line":40,"column":38}},"loc":{"start":{"line":40,"column":50},"end":{"line":44,"column":1}}}},"branchMap":{},"s":{"0":4,"1":1,"2":1,"3":2,"4":6,"5":1,"6":4,"7":4},"f":{"0":1,"1":2,"2":6,"3":1},"b":{}}
,"/home/driven/Documents/Driven/projeto19-drivenpass/src/routers/authRouters.ts": {"path":"/home/driven/Documents/Driven/projeto19-drivenpass/src/routers/authRouters.ts","statementMap":{"0":{"start":{"line":1,"column":0},"end":{"line":1,"column":33}},"1":{"start":{"line":2,"column":0},"end":{"line":2,"column":72}},"2":{"start":{"line":3,"column":0},"end":{"line":3,"column":66}},"3":{"start":{"line":4,"column":0},"end":{"line":4,"column":68}},"4":{"start":{"line":6,"column":19},"end":{"line":6,"column":27}},"5":{"start":{"line":8,"column":0},"end":{"line":8,"column":69}},"6":{"start":{"line":9,"column":0},"end":{"line":9,"column":69}},"7":{"start":{"line":11,"column":0},"end":{"line":11,"column":26}}},"fnMap":{},"branchMap":{},"s":{"0":4,"1":4,"2":4,"3":4,"4":4,"5":4,"6":4,"7":4},"f":{},"b":{}}
,"/home/driven/Documents/Driven/projeto19-drivenpass/src/routers/credentielsRouters.ts": {"path":"/home/driven/Documents/Driven/projeto19-drivenpass/src/routers/credentielsRouters.ts","statementMap":{"0":{"start":{"line":1,"column":0},"end":{"line":1,"column":33}},"1":{"start":{"line":2,"column":0},"end":{"line":2,"column":66}},"2":{"start":{"line":3,"column":0},"end":{"line":3,"column":64}},"3":{"start":{"line":4,"column":0},"end":{"line":4,"column":138}},"4":{"start":{"line":5,"column":0},"end":{"line":5,"column":72}},"5":{"start":{"line":7,"column":25},"end":{"line":7,"column":33}},"6":{"start":{"line":9,"column":0},"end":{"line":9,"column":null}},"7":{"start":{"line":10,"column":0},"end":{"line":10,"column":70}},"8":{"start":{"line":11,"column":0},"end":{"line":11,"column":74}},"9":{"start":{"line":12,"column":0},"end":{"line":12,"column":null}},"10":{"start":{"line":14,"column":0},"end":{"line":14,"column":32}}},"fnMap":{},"branchMap":{},"s":{"0":4,"1":4,"2":4,"3":4,"4":4,"5":4,"6":4,"7":4,"8":4,"9":4,"10":4},"f":{},"b":{}}
,"/home/driven/Documents/Driven/projeto19-drivenpass/src/routers/networkRouters.ts": {"path":"/home/driven/Documents/Driven/projeto19-drivenpass/src/routers/networkRouters.ts","statementMap":{"0":{"start":{"line":1,"column":0},"end":{"line":1,"column":33}},"1":{"start":{"line":2,"column":0},"end":{"line":2,"column":130}},"2":{"start":{"line":3,"column":0},"end":{"line":3,"column":72}},"3":{"start":{"line":4,"column":0},"end":{"line":4,"column":66}},"4":{"start":{"line":5,"column":0},"end":{"line":5,"column":56}},"5":{"start":{"line":7,"column":22},"end":{"line":7,"column":30}},"6":{"start":{"line":9,"column":0},"end":{"line":9,"column":100}},"7":{"start":{"line":10,"column":0},"end":{"line":10,"column":61}},"8":{"start":{"line":11,"column":0},"end":{"line":11,"column":66}},"9":{"start":{"line":12,"column":0},"end":{"line":12,"column":80}},"10":{"start":{"line":14,"column":0},"end":{"line":14,"column":29}}},"fnMap":{},"branchMap":{},"s":{"0":4,"1":4,"2":4,"3":4,"4":4,"5":4,"6":4,"7":4,"8":4,"9":4,"10":4},"f":{},"b":{}}
,"/home/driven/Documents/Driven/projeto19-drivenpass/src/schemas/authSchemas.ts": {"path":"/home/driven/Documents/Driven/projeto19-drivenpass/src/schemas/authSchemas.ts","statementMap":{"0":{"start":{"line":1,"column":0},"end":{"line":1,"column":22}},"1":{"start":{"line":3,"column":13},"end":{"line":6,"column":3}},"2":{"start":{"line":8,"column":13},"end":{"line":11,"column":3}}},"fnMap":{},"branchMap":{},"s":{"0":5,"1":5,"2":5},"f":{},"b":{}}
,"/home/driven/Documents/Driven/projeto19-drivenpass/src/schemas/credentielsSchemas.ts": {"path":"/home/driven/Documents/Driven/projeto19-drivenpass/src/schemas/credentielsSchemas.ts","statementMap":{"0":{"start":{"line":1,"column":0},"end":{"line":1,"column":22}},"1":{"start":{"line":3,"column":13},"end":{"line":8,"column":null}}},"fnMap":{},"branchMap":{},"s":{"0":4,"1":4},"f":{},"b":{}}
,"/home/driven/Documents/Driven/projeto19-drivenpass/src/schemas/networkSchemas.ts": {"path":"/home/driven/Documents/Driven/projeto19-drivenpass/src/schemas/networkSchemas.ts","statementMap":{"0":{"start":{"line":1,"column":0},"end":{"line":1,"column":22}},"1":{"start":{"line":3,"column":13},"end":{"line":7,"column":null}}},"fnMap":{},"branchMap":{},"s":{"0":4,"1":4},"f":{},"b":{}}
,"/home/driven/Documents/Driven/projeto19-drivenpass/src/services/credentialsServices.ts": {"path":"/home/driven/Documents/Driven/projeto19-drivenpass/src/services/credentialsServices.ts","statementMap":{"0":{"start":{"line":1,"column":0},"end":{"line":1,"column":105}},"1":{"start":{"line":2,"column":0},"end":{"line":2,"column":78}},"2":{"start":{"line":4,"column":0},"end":{"line":4,"column":47}},"3":{"start":{"line":7,"column":22},"end":{"line":7,"column":99}},"4":{"start":{"line":9,"column":3},"end":{"line":9,"column":91}},"5":{"start":{"line":9,"column":18},"end":{"line":9,"column":91}},"6":{"start":{"line":11,"column":26},"end":{"line":11,"column":73}},"7":{"start":{"line":13,"column":19},"end":{"line":13,"column":117}},"8":{"start":{"line":15,"column":3},"end":{"line":15,"column":18}},"9":{"start":{"line":19,"column":30},"end":{"line":19,"column":86}},"10":{"start":{"line":21,"column":2},"end":{"line":25,"column":null}},"11":{"start":{"line":21,"column":15},"end":{"line":21,"column":16}},"12":{"start":{"line":22,"column":24},"end":{"line":22,"column":46}},"13":{"start":{"line":24,"column":4},"end":{"line":24,"column":75}},"14":{"start":{"line":27,"column":2},"end":{"line":27,"column":29}},"15":{"start":{"line":31,"column":25},"end":{"line":31,"column":77}},"16":{"start":{"line":33,"column":4},"end":{"line":33,"column":66}},"17":{"start":{"line":33,"column":22},"end":{"line":33,"column":66}},"18":{"start":{"line":35,"column":4},"end":{"line":35,"column":105}},"19":{"start":{"line":35,"column":39},"end":{"line":35,"column":105}},"20":{"start":{"line":37,"column":27},"end":{"line":42,"column":6}},"21":{"start":{"line":44,"column":4},"end":{"line":44,"column":null}},"22":{"start":{"line":49,"column":27},"end":{"line":49,"column":79}},"23":{"start":{"line":51,"column":4},"end":{"line":51,"column":68}},"24":{"start":{"line":51,"column":24},"end":{"line":51,"column":68}},"25":{"start":{"line":53,"column":4},"end":{"line":53,"column":107}},"26":{"start":{"line":53,"column":41},"end":{"line":53,"column":107}},"27":{"start":{"line":55,"column":19},"end":{"line":55,"column":73}},"28":{"start":{"line":57,"column":4},"end":{"line":57,"column":18}},"29":{"start":{"line":60,"column":27},"end":{"line":65,"column":null}},"30":{"start":{"line":67,"column":0},"end":{"line":67,"column":null}}},"fnMap":{"0":{"name":"createCredentials","decl":{"start":{"line":6,"column":15},"end":{"line":6,"column":32}},"loc":{"start":{"line":6,"column":94},"end":{"line":16,"column":1}}},"1":{"name":"allCredentials","decl":{"start":{"line":18,"column":15},"end":{"line":18,"column":29}},"loc":{"start":{"line":18,"column":44},"end":{"line":28,"column":1}}},"2":{"name":"fetchCredentialById","decl":{"start":{"line":30,"column":15},"end":{"line":30,"column":34}},"loc":{"start":{"line":30,"column":61},"end":{"line":45,"column":1}}},"3":{"name":"deleteCredential","decl":{"start":{"line":48,"column":15},"end":{"line":48,"column":31}},"loc":{"start":{"line":48,"column":59},"end":{"line":58,"column":1}}}},"branchMap":{"0":{"loc":{"start":{"line":9,"column":3},"end":{"line":9,"column":91}},"type":"if","locations":[{"start":{"line":9,"column":3},"end":{"line":9,"column":91}}]},"1":{"loc":{"start":{"line":33,"column":4},"end":{"line":33,"column":66}},"type":"if","locations":[{"start":{"line":33,"column":4},"end":{"line":33,"column":66}}]},"2":{"loc":{"start":{"line":35,"column":4},"end":{"line":35,"column":105}},"type":"if","locations":[{"start":{"line":35,"column":4},"end":{"line":35,"column":105}}]},"3":{"loc":{"start":{"line":51,"column":4},"end":{"line":51,"column":68}},"type":"if","locations":[{"start":{"line":51,"column":4},"end":{"line":51,"column":68}}]},"4":{"loc":{"start":{"line":53,"column":4},"end":{"line":53,"column":107}},"type":"if","locations":[{"start":{"line":53,"column":4},"end":{"line":53,"column":107}}]}},"s":{"0":4,"1":4,"2":4,"3":2,"4":2,"5":1,"6":1,"7":1,"8":0,"9":1,"10":1,"11":1,"12":1,"13":1,"14":1,"15":3,"16":3,"17":1,"18":2,"19":1,"20":1,"21":1,"22":3,"23":3,"24":1,"25":2,"26":1,"27":1,"28":1,"29":4,"30":4},"f":{"0":2,"1":1,"2":3,"3":3},"b":{"0":[1],"1":[1],"2":[1],"3":[1],"4":[1]}}
,"/home/driven/Documents/Driven/projeto19-drivenpass/src/services/networkServices.ts": {"path":"/home/driven/Documents/Driven/projeto19-drivenpass/src/services/networkServices.ts","statementMap":{"0":{"start":{"line":1,"column":0},"end":{"line":1,"column":125}},"1":{"start":{"line":2,"column":0},"end":{"line":2,"column":70}},"2":{"start":{"line":4,"column":0},"end":{"line":4,"column":52}},"3":{"start":{"line":8,"column":27},"end":{"line":8,"column":71}},"4":{"start":{"line":10,"column":21},"end":{"line":10,"column":106}},"5":{"start":{"line":12,"column":26},"end":{"line":16,"column":null}},"6":{"start":{"line":18,"column":4},"end":{"line":18,"column":25}},"7":{"start":{"line":22,"column":24},"end":{"line":22,"column":74}},"8":{"start":{"line":24,"column":4},"end":{"line":24,"column":null}},"9":{"start":{"line":24,"column":32},"end":{"line":24,"column":null}},"10":{"start":{"line":26,"column":4},"end":{"line":26,"column":23}},"11":{"start":{"line":31,"column":21},"end":{"line":31,"column":63}},"12":{"start":{"line":33,"column":4},"end":{"line":33,"column":59}},"13":{"start":{"line":33,"column":18},"end":{"line":33,"column":59}},"14":{"start":{"line":35,"column":4},"end":{"line":35,"column":97}},"15":{"start":{"line":35,"column":35},"end":{"line":35,"column":97}},"16":{"start":{"line":37,"column":25},"end":{"line":40,"column":null}},"17":{"start":{"line":42,"column":4},"end":{"line":42,"column":null}},"18":{"start":{"line":47,"column":21},"end":{"line":47,"column":63}},"19":{"start":{"line":49,"column":4},"end":{"line":49,"column":59}},"20":{"start":{"line":49,"column":18},"end":{"line":49,"column":59}},"21":{"start":{"line":51,"column":4},"end":{"line":51,"column":97}},"22":{"start":{"line":51,"column":35},"end":{"line":51,"column":97}},"23":{"start":{"line":53,"column":3},"end":{"line":53,"column":64}},"24":{"start":{"line":56,"column":24},"end":{"line":61,"column":null}},"25":{"start":{"line":63,"column":0},"end":{"line":63,"column":31}}},"fnMap":{"0":{"name":"registerWifi","decl":{"start":{"line":6,"column":15},"end":{"line":6,"column":27}},"loc":{"start":{"line":6,"column":78},"end":{"line":19,"column":1}}},"1":{"name":"allWiFi","decl":{"start":{"line":21,"column":15},"end":{"line":21,"column":22}},"loc":{"start":{"line":21,"column":37},"end":{"line":27,"column":1}}},"2":{"name":"wirelressById","decl":{"start":{"line":29,"column":15},"end":{"line":29,"column":28}},"loc":{"start":{"line":29,"column":56},"end":{"line":43,"column":1}}},"3":{"name":"deleteNetwork","decl":{"start":{"line":45,"column":15},"end":{"line":45,"column":28}},"loc":{"start":{"line":45,"column":55},"end":{"line":54,"column":1}}}},"branchMap":{"0":{"loc":{"start":{"line":24,"column":4},"end":{"line":24,"column":null}},"type":"if","locations":[{"start":{"line":24,"column":4},"end":{"line":24,"column":null}}]},"1":{"loc":{"start":{"line":33,"column":4},"end":{"line":33,"column":59}},"type":"if","locations":[{"start":{"line":33,"column":4},"end":{"line":33,"column":59}}]},"2":{"loc":{"start":{"line":35,"column":4},"end":{"line":35,"column":97}},"type":"if","locations":[{"start":{"line":35,"column":4},"end":{"line":35,"column":97}}]},"3":{"loc":{"start":{"line":49,"column":4},"end":{"line":49,"column":59}},"type":"if","locations":[{"start":{"line":49,"column":4},"end":{"line":49,"column":59}}]},"4":{"loc":{"start":{"line":51,"column":4},"end":{"line":51,"column":97}},"type":"if","locations":[{"start":{"line":51,"column":4},"end":{"line":51,"column":97}}]}},"s":{"0":4,"1":4,"2":4,"3":1,"4":1,"5":1,"6":1,"7":2,"8":2,"9":1,"10":1,"11":3,"12":3,"13":1,"14":2,"15":1,"16":1,"17":1,"18":3,"19":3,"20":1,"21":2,"22":1,"23":1,"24":4,"25":4},"f":{"0":1,"1":2,"2":3,"3":3},"b":{"0":[1],"1":[1],"2":[1],"3":[1],"4":[1]}}
,"/home/driven/Documents/Driven/projeto19-drivenpass/src/services/authenticationService/authServices.ts": {"path":"/home/driven/Documents/Driven/projeto19-drivenpass/src/services/authenticationService/authServices.ts","statementMap":{"0":{"start":{"line":2,"column":0},"end":{"line":2,"column":77}},"1":{"start":{"line":3,"column":0},"end":{"line":3,"column":108}},"2":{"start":{"line":4,"column":0},"end":{"line":4,"column":50}},"3":{"start":{"line":6,"column":0},"end":{"line":6,"column":48}},"4":{"start":{"line":7,"column":0},"end":{"line":7,"column":50}},"5":{"start":{"line":11,"column":20},"end":{"line":11,"column":75}},"6":{"start":{"line":12,"column":2},"end":{"line":12,"column":49}},"7":{"start":{"line":12,"column":16},"end":{"line":12,"column":49}},"8":{"start":{"line":14,"column":25},"end":{"line":14,"column":68}},"9":{"start":{"line":16,"column":2},"end":{"line":16,"column":70}},"10":{"start":{"line":22,"column":20},"end":{"line":22,"column":73}},"11":{"start":{"line":24,"column":2},"end":{"line":24,"column":69}},"12":{"start":{"line":24,"column":17},"end":{"line":24,"column":69}},"13":{"start":{"line":26,"column":2},"end":{"line":26,"column":63}},"14":{"start":{"line":28,"column":16},"end":{"line":28,"column":51}},"15":{"start":{"line":29,"column":2},"end":{"line":32,"column":4}},"16":{"start":{"line":35,"column":30},"end":{"line":38,"column":null}},"17":{"start":{"line":40,"column":0},"end":{"line":40,"column":37}}},"fnMap":{"0":{"name":"signUp","decl":{"start":{"line":9,"column":15},"end":{"line":9,"column":21}},"loc":{"start":{"line":9,"column":53},"end":{"line":17,"column":1}}},"1":{"name":"signIn","decl":{"start":{"line":20,"column":15},"end":{"line":20,"column":21}},"loc":{"start":{"line":20,"column":50},"end":{"line":33,"column":1}}}},"branchMap":{"0":{"loc":{"start":{"line":12,"column":2},"end":{"line":12,"column":49}},"type":"if","locations":[{"start":{"line":12,"column":2},"end":{"line":12,"column":49}}]},"1":{"loc":{"start":{"line":24,"column":2},"end":{"line":24,"column":69}},"type":"if","locations":[{"start":{"line":24,"column":2},"end":{"line":24,"column":69}}]}},"s":{"0":4,"1":4,"2":4,"3":4,"4":4,"5":7,"6":7,"7":2,"8":5,"9":5,"10":8,"11":8,"12":2,"13":6,"14":4,"15":4,"16":4,"17":4},"f":{"0":7,"1":8},"b":{"0":[2],"1":[2]}}
,"/home/driven/Documents/Driven/projeto19-drivenpass/src/utils/bcryptUtils.ts": {"path":"/home/driven/Documents/Driven/projeto19-drivenpass/src/utils/bcryptUtils.ts","statementMap":{"0":{"start":{"line":1,"column":0},"end":{"line":1,"column":75}},"1":{"start":{"line":2,"column":0},"end":{"line":2,"column":28}},"2":{"start":{"line":5,"column":15},"end":{"line":5,"column":37}},"3":{"start":{"line":6,"column":25},"end":{"line":6,"column":56}},"4":{"start":{"line":8,"column":2},"end":{"line":8,"column":24}},"5":{"start":{"line":4,"column":0},"end":{"line":4,"column":7}},"6":{"start":{"line":12,"column":24},"end":{"line":12,"column":68}},"7":{"start":{"line":13,"column":2},"end":{"line":13,"column":67}},"8":{"start":{"line":13,"column":22},"end":{"line":13,"column":67}},"9":{"start":{"line":15,"column":2},"end":{"line":15,"column":23}},"10":{"start":{"line":11,"column":0},"end":{"line":11,"column":16}},"11":{"start":{"line":18,"column":21},"end":{"line":21,"column":null}},"12":{"start":{"line":23,"column":0},"end":{"line":23,"column":28}}},"fnMap":{"0":{"name":"encryptPassword","decl":{"start":{"line":4,"column":22},"end":{"line":4,"column":37}},"loc":{"start":{"line":4,"column":54},"end":{"line":9,"column":1}}},"1":{"name":"checkPassword","decl":{"start":{"line":11,"column":16},"end":{"line":11,"column":29}},"loc":{"start":{"line":11,"column":70},"end":{"line":16,"column":1}}}},"branchMap":{"0":{"loc":{"start":{"line":13,"column":2},"end":{"line":13,"column":67}},"type":"if","locations":[{"start":{"line":13,"column":2},"end":{"line":13,"column":67}}]}},"s":{"0":4,"1":4,"2":5,"3":5,"4":5,"5":4,"6":6,"7":6,"8":2,"9":4,"10":4,"11":4,"12":4},"f":{"0":5,"1":6},"b":{"0":[2]}}
,"/home/driven/Documents/Driven/projeto19-drivenpass/src/utils/cryptrUtils.ts": {"path":"/home/driven/Documents/Driven/projeto19-drivenpass/src/utils/cryptrUtils.ts","statementMap":{"0":{"start":{"line":1,"column":0},"end":{"line":1,"column":28}},"1":{"start":{"line":3,"column":15},"end":{"line":3,"column":64}},"2":{"start":{"line":6,"column":28},"end":{"line":6,"column":48}},"3":{"start":{"line":7,"column":4},"end":{"line":7,"column":27}},"4":{"start":{"line":5,"column":0},"end":{"line":5,"column":16}},"5":{"start":{"line":11,"column":28},"end":{"line":11,"column":59}},"6":{"start":{"line":12,"column":4},"end":{"line":12,"column":27}},"7":{"start":{"line":10,"column":0},"end":{"line":10,"column":16}},"8":{"start":{"line":15,"column":20},"end":{"line":18,"column":null}},"9":{"start":{"line":20,"column":0},"end":{"line":20,"column":27}}},"fnMap":{"0":{"name":"returnEncrypt","decl":{"start":{"line":5,"column":16},"end":{"line":5,"column":29}},"loc":{"start":{"line":5,"column":42},"end":{"line":8,"column":1}}},"1":{"name":"returnDecrypt","decl":{"start":{"line":10,"column":16},"end":{"line":10,"column":29}},"loc":{"start":{"line":10,"column":53},"end":{"line":13,"column":1}}}},"branchMap":{},"s":{"0":4,"1":4,"2":25,"3":25,"4":4,"5":1,"6":1,"7":4,"8":4,"9":4},"f":{"0":25,"1":1},"b":{}}
,"/home/driven/Documents/Driven/projeto19-drivenpass/src/utils/prismaUtils.ts": {"path":"/home/driven/Documents/Driven/projeto19-drivenpass/src/utils/prismaUtils.ts","statementMap":{"0":{"start":{"line":2,"column":22},"end":{"line":2,"column":56}},"1":{"start":{"line":3,"column":4},"end":{"line":5,"column":null}},"2":{"start":{"line":4,"column":6},"end":{"line":4,"column":28}},"3":{"start":{"line":6,"column":4},"end":{"line":6,"column":21}},"4":{"start":{"line":1,"column":0},"end":{"line":1,"column":16}}},"fnMap":{"0":{"name":"exclude","decl":{"start":{"line":1,"column":16},"end":{"line":1,"column":23}},"loc":{"start":{"line":1,"column":73},"end":{"line":7,"column":1}}}},"branchMap":{},"s":{"0":4,"1":4,"2":4,"3":4,"4":4},"f":{"0":4},"b":{}}
,"/home/driven/Documents/Driven/projeto19-drivenpass/src/utils/tokenUtils.ts": {"path":"/home/driven/Documents/Driven/projeto19-drivenpass/src/utils/tokenUtils.ts","statementMap":{"0":{"start":{"line":2,"column":0},"end":{"line":2,"column":31}},"1":{"start":{"line":5,"column":18},"end":{"line":7,"column":6}},"2":{"start":{"line":9,"column":4},"end":{"line":9,"column":17}},"3":{"start":{"line":4,"column":0},"end":{"line":4,"column":16}},"4":{"start":{"line":12,"column":19},"end":{"line":14,"column":null}},"5":{"start":{"line":16,"column":0},"end":{"line":16,"column":null}}},"fnMap":{"0":{"name":"generateToken","decl":{"start":{"line":4,"column":16},"end":{"line":4,"column":29}},"loc":{"start":{"line":4,"column":40},"end":{"line":10,"column":1}}}},"branchMap":{},"s":{"0":4,"1":4,"2":4,"3":4,"4":4,"5":4},"f":{"0":4},"b":{}}
,"/home/driven/Documents/Driven/projeto19-drivenpass/tests/helpers.ts": {"path":"/home/driven/Documents/Driven/projeto19-drivenpass/tests/helpers.ts","statementMap":{"0":{"start":{"line":1,"column":0},"end":{"line":1,"column":36}},"1":{"start":{"line":4,"column":0},"end":{"line":4,"column":56}},"2":{"start":{"line":5,"column":0},"end":{"line":5,"column":47}},"3":{"start":{"line":8,"column":2},"end":{"line":8,"column":38}},"4":{"start":{"line":9,"column":2},"end":{"line":9,"column":41}},"5":{"start":{"line":10,"column":2},"end":{"line":10,"column":35}},"6":{"start":{"line":7,"column":0},"end":{"line":7,"column":7}},"7":{"start":{"line":14,"column":23},"end":{"line":14,"column":51}},"8":{"start":{"line":15,"column":16},"end":{"line":15,"column":77}},"9":{"start":{"line":17,"column":2},"end":{"line":17,"column":15}},"10":{"start":{"line":13,"column":0},"end":{"line":13,"column":7}}},"fnMap":{"0":{"name":"cleanDb","decl":{"start":{"line":7,"column":22},"end":{"line":7,"column":29}},"loc":{"start":{"line":7,"column":29},"end":{"line":11,"column":1}}},"1":{"name":"generateValidToken","decl":{"start":{"line":13,"column":22},"end":{"line":13,"column":40}},"loc":{"start":{"line":13,"column":52},"end":{"line":18,"column":1}}}},"branchMap":{"0":{"loc":{"start":{"line":14,"column":23},"end":{"line":14,"column":51}},"type":"binary-expr","locations":[{"start":{"line":14,"column":23},"end":{"line":14,"column":27}},{"start":{"line":14,"column":32},"end":{"line":14,"column":50}}]}},"s":{"0":4,"1":4,"2":4,"3":8,"4":8,"5":8,"6":4,"7":0,"8":0,"9":0,"10":4},"f":{"0":8,"1":0},"b":{"0":[0,0]}}
,"/home/driven/Documents/Driven/projeto19-drivenpass/tests/factories/auth-factories.ts": {"path":"/home/driven/Documents/Driven/projeto19-drivenpass/tests/factories/auth-factories.ts","statementMap":{"0":{"start":{"line":1,"column":0},"end":{"line":1,"column":28}},"1":{"start":{"line":2,"column":0},"end":{"line":2,"column":40}},"2":{"start":{"line":4,"column":0},"end":{"line":4,"column":51}},"3":{"start":{"line":7,"column":27},"end":{"line":7,"column":73}},"4":{"start":{"line":8,"column":25},"end":{"line":8,"column":64}},"5":{"start":{"line":10,"column":2},"end":{"line":15,"column":5}},"6":{"start":{"line":6,"column":0},"end":{"line":6,"column":7}}},"fnMap":{"0":{"name":"createUser","decl":{"start":{"line":6,"column":22},"end":{"line":6,"column":32}},"loc":{"start":{"line":6,"column":59},"end":{"line":16,"column":1}}}},"branchMap":{"0":{"loc":{"start":{"line":6,"column":33},"end":{"line":6,"column":59}},"type":"default-arg","locations":[{"start":{"line":6,"column":57},"end":{"line":6,"column":59}}]},"1":{"loc":{"start":{"line":7,"column":27},"end":{"line":7,"column":73}},"type":"binary-expr","locations":[{"start":{"line":7,"column":27},"end":{"line":7,"column":42}},{"start":{"line":7,"column":46},"end":{"line":7,"column":73}}]},"2":{"loc":{"start":{"line":12,"column":13},"end":{"line":12,"column":51}},"type":"binary-expr","locations":[{"start":{"line":12,"column":13},"end":{"line":12,"column":25}},{"start":{"line":12,"column":29},"end":{"line":12,"column":51}}]}},"s":{"0":4,"1":4,"2":4,"3":46,"4":46,"5":46,"6":4},"f":{"0":46},"b":{"0":[39],"1":[46,39],"2":[46,39]}}
,"/home/driven/Documents/Driven/projeto19-drivenpass/tests/factories/credentials-factories.ts": {"path":"/home/driven/Documents/Driven/projeto19-drivenpass/tests/factories/credentials-factories.ts","statementMap":{"0":{"start":{"line":1,"column":0},"end":{"line":1,"column":40}},"1":{"start":{"line":2,"column":0},"end":{"line":2,"column":51}},"2":{"start":{"line":4,"column":0},"end":{"line":4,"column":46}},"3":{"start":{"line":5,"column":0},"end":{"line":5,"column":46}},"4":{"start":{"line":10,"column":4},"end":{"line":15,"column":null}},"5":{"start":{"line":9,"column":0},"end":{"line":9,"column":16}},"6":{"start":{"line":19,"column":25},"end":{"line":19,"column":51}},"7":{"start":{"line":20,"column":31},"end":{"line":20,"column":71}},"8":{"start":{"line":22,"column":27},"end":{"line":22,"column":81}},"9":{"start":{"line":24,"column":4},"end":{"line":32,"column":null}},"10":{"start":{"line":18,"column":0},"end":{"line":18,"column":7}}},"fnMap":{"0":{"name":"generateValidCredential","decl":{"start":{"line":9,"column":16},"end":{"line":9,"column":39}},"loc":{"start":{"line":9,"column":39},"end":{"line":16,"column":1}}},"1":{"name":"createCredential","decl":{"start":{"line":18,"column":22},"end":{"line":18,"column":38}},"loc":{"start":{"line":18,"column":79},"end":{"line":33,"column":1}}}},"branchMap":{"0":{"loc":{"start":{"line":19,"column":25},"end":{"line":19,"column":51}},"type":"binary-expr","locations":[{"start":{"line":19,"column":25},"end":{"line":19,"column":29}},{"start":{"line":19,"column":33},"end":{"line":19,"column":51}}]},"1":{"loc":{"start":{"line":20,"column":31},"end":{"line":20,"column":71}},"type":"binary-expr","locations":[{"start":{"line":20,"column":31},"end":{"line":20,"column":41}},{"start":{"line":20,"column":46},"end":{"line":20,"column":71}}]}},"s":{"0":1,"1":1,"2":1,"3":1,"4":11,"5":1,"6":12,"7":12,"8":12,"9":12,"10":1},"f":{"0":11,"1":12},"b":{"0":[12,0],"1":[12,8]}}
,"/home/driven/Documents/Driven/projeto19-drivenpass/tests/factories/network-factories.ts": {"path":"/home/driven/Documents/Driven/projeto19-drivenpass/tests/factories/network-factories.ts","statementMap":{"0":{"start":{"line":1,"column":0},"end":{"line":1,"column":40}},"1":{"start":{"line":2,"column":0},"end":{"line":2,"column":51}},"2":{"start":{"line":4,"column":0},"end":{"line":4,"column":46}},"3":{"start":{"line":5,"column":0},"end":{"line":5,"column":46}},"4":{"start":{"line":10,"column":4},"end":{"line":14,"column":null}},"5":{"start":{"line":9,"column":0},"end":{"line":9,"column":16}},"6":{"start":{"line":18,"column":4},"end":{"line":22,"column":null}},"7":{"start":{"line":17,"column":0},"end":{"line":17,"column":16}},"8":{"start":{"line":26,"column":25},"end":{"line":26,"column":51}},"9":{"start":{"line":27,"column":28},"end":{"line":27,"column":61}},"10":{"start":{"line":29,"column":27},"end":{"line":29,"column":78}},"11":{"start":{"line":31,"column":4},"end":{"line":38,"column":7}},"12":{"start":{"line":25,"column":0},"end":{"line":25,"column":7}}},"fnMap":{"0":{"name":"generateValidNetwork","decl":{"start":{"line":9,"column":16},"end":{"line":9,"column":36}},"loc":{"start":{"line":9,"column":36},"end":{"line":15,"column":1}}},"1":{"name":"generateInvalidNetwork","decl":{"start":{"line":17,"column":16},"end":{"line":17,"column":38}},"loc":{"start":{"line":17,"column":38},"end":{"line":23,"column":1}}},"2":{"name":"createNetwork","decl":{"start":{"line":25,"column":22},"end":{"line":25,"column":35}},"loc":{"start":{"line":25,"column":70},"end":{"line":40,"column":1}}}},"branchMap":{"0":{"loc":{"start":{"line":26,"column":25},"end":{"line":26,"column":51}},"type":"binary-expr","locations":[{"start":{"line":26,"column":25},"end":{"line":26,"column":29}},{"start":{"line":26,"column":33},"end":{"line":26,"column":51}}]},"1":{"loc":{"start":{"line":27,"column":28},"end":{"line":27,"column":61}},"type":"binary-expr","locations":[{"start":{"line":27,"column":28},"end":{"line":27,"column":35}},{"start":{"line":27,"column":39},"end":{"line":27,"column":61}}]}},"s":{"0":1,"1":1,"2":1,"3":1,"4":12,"5":1,"6":0,"7":1,"8":11,"9":11,"10":11,"11":11,"12":1},"f":{"0":12,"1":0,"2":11},"b":{"0":[11,0],"1":[11,8]}}
}
