TN:
SF:src/app.ts
FN:22,init
FN:27,close
FNF:2
FNH:1
FNDA:8,init
FNDA:0,close
DA:1,4
DA:2,4
DA:3,4
DA:4,4
DA:5,4
DA:6,4
DA:7,4
DA:8,4
DA:9,4
DA:11,4
DA:12,4
DA:14,4
DA:15,4
DA:17,4
DA:18,4
DA:19,4
DA:20,4
DA:22,4
DA:23,8
DA:24,8
DA:27,4
DA:28,0
DA:31,4
LF:23
LH:22
BRF:0
BRH:0
end_of_record
TN:
SF:src/config/database.ts
FN:19,connectDb
FN:23,disconnectDB
FNF:2
FNH:1
FNDA:8,connectDb
FNDA:0,disconnectDB
DA:1,4
DA:2,4
DA:3,4
DA:5,4
DA:8,4
DA:10,4
DA:15,4
DA:17,4
DA:19,4
DA:20,8
DA:23,4
DA:24,0
LF:12
LH:11
BRF:0
BRH:0
end_of_record
TN:
SF:src/config/envs.ts
FN:3,loadEnvs
FNF:1
FNH:1
FNDA:5,loadEnvs
DA:1,5
DA:3,5
DA:4,5
DA:5,5
DA:6,5
DA:9,5
LF:6
LH:6
BRDA:5,0,0,5
BRF:1
BRH:1
end_of_record
TN:
SF:src/controllers/authControllers.ts
FN:6,singUpPost
FN:24,signInPost
FNF:2
FNH:2
FNDA:4,singUpPost
FNDA:5,signInPost
DA:3,4
DA:4,4
DA:6,4
DA:7,4
DA:9,4
DA:10,4
DA:12,3
DA:18,1
DA:19,1
DA:24,4
DA:25,5
DA:27,5
DA:28,5
DA:30,3
DA:33,2
DA:34,1
DA:37,1
DA:38,1
LF:18
LH:18
BRDA:18,0,0,1
BRDA:33,1,0,1
BRDA:37,2,0,1
BRF:3
BRH:3
end_of_record
TN:
SF:src/controllers/credentialsControllers.ts
FN:5,postCredentialsByUser
FN:21,getAllCredentials
FN:33,getCredentialById
FN:53,deleteCredentialById
FNF:4
FNH:4
FNDA:2,postCredentialsByUser
FNDA:1,getAllCredentials
FNDA:3,getCredentialById
FNDA:3,deleteCredentialById
DA:2,4
DA:3,4
DA:5,4
DA:6,2
DA:7,2
DA:9,2
DA:10,2
DA:12,0
DA:15,2
DA:16,1
DA:21,4
DA:22,1
DA:24,1
DA:25,1
DA:27,1
DA:29,0
DA:33,4
DA:34,3
DA:35,3
DA:37,3
DA:38,3
DA:40,1
DA:43,2
DA:44,1
DA:47,1
DA:48,1
DA:53,4
DA:54,3
DA:55,3
DA:57,3
DA:59,3
DA:61,1
DA:63,2
DA:64,1
DA:67,1
DA:68,1
LF:36
LH:34
BRDA:15,0,0,1
BRDA:43,1,0,1
BRDA:47,2,0,1
BRDA:63,3,0,1
BRDA:67,4,0,1
BRF:5
BRH:5
end_of_record
TN:
SF:src/controllers/networkControllers.ts
FN:6,postRegisterWifi
FN:22,getAllNetworks
FN:36,getNetworksById
FN:57,deleteNetworkByIdAndUserId
FNF:4
FNH:4
FNDA:1,postRegisterWifi
FNDA:2,getAllNetworks
FNDA:3,getNetworksById
FNDA:3,deleteNetworkByIdAndUserId
DA:2,4
DA:3,4
DA:6,4
DA:7,1
DA:8,1
DA:10,1
DA:12,1
DA:14,1
DA:18,0
DA:22,4
DA:23,2
DA:25,2
DA:27,2
DA:29,1
DA:32,1
DA:36,4
DA:37,3
DA:38,3
DA:40,3
DA:41,3
DA:43,1
DA:47,2
DA:48,1
DA:51,1
DA:52,1
DA:57,4
DA:58,3
DA:59,3
DA:61,3
DA:63,3
DA:65,1
DA:69,2
DA:70,1
DA:73,1
DA:74,1
LF:35
LH:34
BRDA:47,0,0,1
BRDA:51,1,0,1
BRDA:69,2,0,1
BRDA:73,3,0,1
BRF:4
BRH:4
end_of_record
TN:
SF:src/middlewares/authenticationMiddleware.ts
FN:9,validateToken
FNF:1
FNH:1
FNDA:41,validateToken
DA:2,4
DA:3,4
DA:4,4
DA:5,4
DA:7,4
DA:9,4
DA:14,41
DA:15,41
DA:16,41
DA:18,41
DA:19,7
DA:22,34
DA:23,34
DA:25,22
DA:27,22
DA:29,12
LF:16
LH:16
BRDA:18,0,0,7
BRDA:18,1,0,41
BRDA:18,1,1,41
BRF:3
BRH:3
end_of_record
TN:
SF:src/middlewares/errorHandlingMiddleware.ts
FN:10,unprocessableError
FN:15,missingHeaderError
FN:23,notFoundError
FN:31,conflictError
FN:39,accessDeniedError
FN:47,unauthorizedError
FN:55,badRequestError
FN:62,notAcceptableError
FN:69,(anonymous_9)
FNF:9
FNH:6
FNDA:8,unprocessableError
FNDA:7,missingHeaderError
FNDA:5,notFoundError
FNDA:3,conflictError
FNDA:0,accessDeniedError
FNDA:23,unauthorizedError
FNDA:0,badRequestError
FNDA:0,notAcceptableError
FNDA:8,(anonymous_9)
DA:2,4
DA:10,4
DA:11,8
DA:15,4
DA:16,7
DA:23,4
DA:24,5
DA:31,4
DA:32,3
DA:39,4
DA:40,0
DA:47,4
DA:48,23
DA:55,4
DA:56,0
DA:62,4
DA:63,0
DA:69,4
DA:70,8
DA:71,8
DA:74,0
DA:75,0
DA:78,0
DA:79,0
DA:82,0
DA:83,0
DA:86,0
DA:87,0
DA:89,0
DA:90,0
DA:92,0
DA:93,0
DA:96,0
DA:99,4
LF:34
LH:18
BRDA:70,0,0,8
BRDA:74,1,0,0
BRDA:78,2,0,0
BRDA:82,3,0,0
BRDA:86,4,0,0
BRDA:89,5,0,0
BRDA:92,6,0,0
BRF:7
BRH:1
end_of_record
TN:
SF:src/middlewares/schemasValidation.ts
FN:5,validateSchema
FN:6,(anonymous_1)
FN:13,(anonymous_2)
FNF:3
FNH:3
FNDA:16,validateSchema
FNDA:20,(anonymous_1)
FNDA:21,(anonymous_2)
DA:3,4
DA:5,4
DA:6,16
DA:7,20
DA:11,20
DA:12,8
DA:13,21
DA:16,8
DA:19,12
LF:9
LH:9
BRDA:11,0,0,8
BRF:1
BRH:1
end_of_record
TN:
SF:src/repositories/authRepositories.ts
FN:3,findByEmailUser
FN:9,createUser
FN:18,findUser
FNF:3
FNH:3
FNDA:7,findByEmailUser
FNDA:5,createUser
FNDA:8,findUser
DA:1,4
DA:4,7
DA:10,5
DA:20,8
DA:30,4
DA:36,4
LF:6
LH:6
BRF:0
BRH:0
end_of_record
TN:
SF:src/repositories/credentialsRepositories.ts
FN:4,findTitleCredentials
FN:10,createCredential
FN:20,findCredencialById
FN:34,findAllCredentials
FN:47,findCredentialByIdAndUserId
FN:60,deleteCredentialById
FNF:6
FNH:5
FNDA:2,findTitleCredentials
FNDA:1,createCredential
FNDA:6,findCredencialById
FNDA:1,findAllCredentials
FNDA:0,findCredentialByIdAndUserId
FNDA:1,deleteCredentialById
DA:1,4
DA:5,2
DA:11,1
DA:15,1
DA:21,6
DA:35,1
DA:48,0
DA:61,1
DA:66,4
DA:75,4
LF:10
LH:9
BRF:0
BRH:0
end_of_record
TN:
SF:src/repositories/networkRepositories.ts
FN:4,createWifi
FN:16,findWiFiByUserId
FN:28,findWiFiById
FN:40,deleteWiFiByIdAndUserId
FNF:4
FNH:4
FNDA:1,createWifi
FNDA:2,findWiFiByUserId
FNDA:6,findWiFiById
FNDA:1,deleteWiFiByIdAndUserId
DA:1,4
DA:6,1
DA:11,1
DA:17,2
DA:29,6
DA:41,1
DA:46,4
DA:53,4
LF:8
LH:8
BRF:0
BRH:0
end_of_record
TN:
SF:src/routers/authRouters.ts
FNF:0
FNH:0
DA:1,4
DA:2,4
DA:3,4
DA:4,4
DA:6,4
DA:8,4
DA:9,4
DA:11,4
LF:8
LH:8
BRF:0
BRH:0
end_of_record
TN:
SF:src/routers/credentielsRouters.ts
FNF:0
FNH:0
DA:1,4
DA:2,4
DA:3,4
DA:4,4
DA:5,4
DA:7,4
DA:9,4
DA:10,4
DA:11,4
DA:12,4
DA:14,4
LF:11
LH:11
BRF:0
BRH:0
end_of_record
TN:
SF:src/routers/networkRouters.ts
FNF:0
FNH:0
DA:1,4
DA:2,4
DA:3,4
DA:4,4
DA:5,4
DA:7,4
DA:9,4
DA:10,4
DA:11,4
DA:12,4
DA:14,4
LF:11
LH:11
BRF:0
BRH:0
end_of_record
TN:
SF:src/schemas/authSchemas.ts
FNF:0
FNH:0
DA:1,5
DA:3,5
DA:8,5
LF:3
LH:3
BRF:0
BRH:0
end_of_record
TN:
SF:src/schemas/credentielsSchemas.ts
FNF:0
FNH:0
DA:1,4
DA:3,4
LF:2
LH:2
BRF:0
BRH:0
end_of_record
TN:
SF:src/schemas/networkSchemas.ts
FNF:0
FNH:0
DA:1,4
DA:3,4
LF:2
LH:2
BRF:0
BRH:0
end_of_record
TN:
SF:src/services/credentialsServices.ts
FN:6,createCredentials
FN:18,allCredentials
FN:30,fetchCredentialById
FN:48,deleteCredential
FNF:4
FNH:4
FNDA:2,createCredentials
FNDA:1,allCredentials
FNDA:3,fetchCredentialById
FNDA:3,deleteCredential
DA:1,4
DA:2,4
DA:4,4
DA:7,2
DA:9,2
DA:11,1
DA:13,1
DA:15,0
DA:19,1
DA:21,1
DA:22,1
DA:24,1
DA:27,1
DA:31,3
DA:33,3
DA:35,2
DA:37,1
DA:44,1
DA:49,3
DA:51,3
DA:53,2
DA:55,1
DA:57,1
DA:60,4
DA:67,4
LF:25
LH:24
BRDA:9,0,0,1
BRDA:33,1,0,1
BRDA:35,2,0,1
BRDA:51,3,0,1
BRDA:53,4,0,1
BRF:5
BRH:5
end_of_record
TN:
SF:src/services/networkServices.ts
FN:6,registerWifi
FN:21,allWiFi
FN:29,wirelressById
FN:45,deleteNetwork
FNF:4
FNH:4
FNDA:1,registerWifi
FNDA:2,allWiFi
FNDA:3,wirelressById
FNDA:3,deleteNetwork
DA:1,4
DA:2,4
DA:4,4
DA:8,1
DA:10,1
DA:12,1
DA:18,1
DA:22,2
DA:24,2
DA:26,1
DA:31,3
DA:33,3
DA:35,2
DA:37,1
DA:42,1
DA:47,3
DA:49,3
DA:51,2
DA:53,1
DA:56,4
DA:63,4
LF:21
LH:21
BRDA:24,0,0,1
BRDA:33,1,0,1
BRDA:35,2,0,1
BRDA:49,3,0,1
BRDA:51,4,0,1
BRF:5
BRH:5
end_of_record
TN:
SF:src/services/authenticationService/authServices.ts
FN:9,signUp
FN:20,signIn
FNF:2
FNH:2
FNDA:7,signUp
FNDA:8,signIn
DA:2,4
DA:3,4
DA:4,4
DA:6,4
DA:7,4
DA:11,7
DA:12,7
DA:14,5
DA:16,5
DA:22,8
DA:24,8
DA:26,6
DA:28,4
DA:29,4
DA:35,4
DA:40,4
LF:16
LH:16
BRDA:12,0,0,2
BRDA:24,1,0,2
BRF:2
BRH:2
end_of_record
TN:
SF:src/utils/bcryptUtils.ts
FN:4,encryptPassword
FN:11,checkPassword
FNF:2
FNH:2
FNDA:5,encryptPassword
FNDA:6,checkPassword
DA:1,4
DA:2,4
DA:4,4
DA:5,5
DA:6,5
DA:8,5
DA:11,4
DA:12,6
DA:13,6
DA:15,4
DA:18,4
DA:23,4
LF:12
LH:12
BRDA:13,0,0,2
BRF:1
BRH:1
end_of_record
TN:
SF:src/utils/cryptrUtils.ts
FN:5,returnEncrypt
FN:10,returnDecrypt
FNF:2
FNH:2
FNDA:25,returnEncrypt
FNDA:1,returnDecrypt
DA:1,4
DA:3,4
DA:5,4
DA:6,25
DA:7,25
DA:10,4
DA:11,1
DA:12,1
DA:15,4
DA:20,4
LF:10
LH:10
BRF:0
BRH:0
end_of_record
TN:
SF:src/utils/prismaUtils.ts
FN:1,exclude
FNF:1
FNH:1
FNDA:4,exclude
DA:1,4
DA:2,4
DA:3,4
DA:4,4
DA:6,4
LF:5
LH:5
BRF:0
BRH:0
end_of_record
TN:
SF:src/utils/tokenUtils.ts
FN:4,generateToken
FNF:1
FNH:1
FNDA:4,generateToken
DA:2,4
DA:4,4
DA:5,4
DA:9,4
DA:12,4
DA:16,4
LF:6
LH:6
BRF:0
BRH:0
end_of_record
TN:
SF:tests/helpers.ts
FN:7,cleanDb
FN:13,generateValidToken
FNF:2
FNH:1
FNDA:8,cleanDb
FNDA:0,generateValidToken
DA:1,4
DA:4,4
DA:5,4
DA:7,4
DA:8,8
DA:9,8
DA:10,8
DA:13,4
DA:14,0
DA:15,0
DA:17,0
LF:11
LH:8
BRDA:14,0,0,0
BRDA:14,0,1,0
BRF:2
BRH:0
end_of_record
TN:
SF:tests/factories/auth-factories.ts
FN:6,createUser
FNF:1
FNH:1
FNDA:46,createUser
DA:1,4
DA:2,4
DA:4,4
DA:6,4
DA:7,46
DA:8,46
DA:10,46
LF:7
LH:7
BRDA:6,0,0,39
BRDA:7,1,0,46
BRDA:7,1,1,39
BRDA:12,2,0,46
BRDA:12,2,1,39
BRF:5
BRH:5
end_of_record
TN:
SF:tests/factories/credentials-factories.ts
FN:9,generateValidCredential
FN:18,createCredential
FNF:2
FNH:2
FNDA:11,generateValidCredential
FNDA:12,createCredential
DA:1,1
DA:2,1
DA:4,1
DA:5,1
DA:9,1
DA:10,11
DA:18,1
DA:19,12
DA:20,12
DA:22,12
DA:24,12
LF:11
LH:11
BRDA:19,0,0,12
BRDA:19,0,1,0
BRDA:20,1,0,12
BRDA:20,1,1,8
BRF:4
BRH:3
end_of_record
TN:
SF:tests/factories/network-factories.ts
FN:9,generateValidNetwork
FN:17,generateInvalidNetwork
FN:25,createNetwork
FNF:3
FNH:2
FNDA:12,generateValidNetwork
FNDA:0,generateInvalidNetwork
FNDA:11,createNetwork
DA:1,1
DA:2,1
DA:4,1
DA:5,1
DA:9,1
DA:10,12
DA:17,1
DA:18,0
DA:25,1
DA:26,11
DA:27,11
DA:29,11
DA:31,11
LF:13
LH:12
BRDA:26,0,0,11
BRDA:26,0,1,0
BRDA:27,1,0,11
BRDA:27,1,1,8
BRF:4
BRH:3
end_of_record
